[www.elonwiftrump.fun/index.html]
[backblue.gif]
[fade.gif]
[index.html]
[www.elonwiftrump.fun/css/style.css]
[www.elonwiftrump.fun/favicon.ico]
[www.elonwiftrump.fun/logo.png]
[www.elonwiftrump.fun/images/dec1.png]
[www.elonwiftrump.fun/images/dec2.png]
[www.elonwiftrump.fun/3.png]
[www.elonwiftrump.fun/images/bg.jpg]
[www.elonwiftrump.fun/images/1.png]
[www.elonwiftrump.fun/images/2.png]
[www.elonwiftrump.fun/images/3.png]
[www.elonwiftrump.fun/images/4.png]
[www.elonwiftrump.fun/images/5.png]
[www.elonwiftrump.fun/images/6.png]
[www.elonwiftrump.fun/images/dec3.png]
[www.elonwiftrump.fun/images/tg.png]
[www.elonwiftrump.fun/images/x.png]
[www.elonwiftrump.fun/xxx.png]
[www.elonwiftrump.fun/images/dec1_3.png]
[www.elonwiftrump.fun/images/1.svg]
[www.elonwiftrump.fun/images/dec1_1.png]
[www.elonwiftrump.fun/11.png]
[www.elonwiftrump.fun/22.png]
[www.elonwiftrump.fun/33.png]
[www.elonwiftrump.fun/44.png]
[www.elonwiftrump.fun/images/dec1_4.png]
[www.elonwiftrump.fun/images/dec1_2.png]
[www.elonwiftrump.fun/images/dec2_1.png]
[www.elonwiftrump.fun/2.png]
[www.elonwiftrump.fun/js/email-decode.min.js]
[www.elonwiftrump.fun/js/app.js]
[www.elonwiftrump.fun/index.html]
[www.elonwiftrump.fun/css/style.css]
[www.elonwiftrump.fun/images/1.svg]
